       -0.698223       -0.264895       -0.733373
         1.43549      -0.0436177        -1.28211
       -0.284304       -0.678486        0.015052
        0.365375        0.298766      -0.0539276
         1.51462       -0.451421       0.0553598
      -0.0690854       -0.527564         1.42777
       -0.500054        0.323477       -0.952913
        0.835909       -0.209487         0.23498
         1.53758       -0.364724        -0.20009
       -0.589662       -0.757727        0.890905
        -1.96584       -0.268531        -1.14681
         2.05935        -1.85507       -0.417732
        0.607033        0.869252        0.257038
        0.112725        0.279129        -1.37167
       -0.582536       -0.388689        0.718074
        0.402357       -0.220028           0.382
       -0.607221        0.540001         1.05192
        0.899665        -2.44792      -0.0610733
        -1.54263        -2.23119          1.3283
        -2.30896         2.14189         1.46721
       -0.159563         0.86532         0.70414
        0.728729          0.1687        -1.77107
         2.52704          1.1003        0.335434
        -1.20325       -0.733294        0.313436
       -0.897243         1.62563        0.316526
       -0.637209        0.263618         1.60583
       -0.573115         1.00717        0.108408
       0.0549948         1.36868         1.06218
       -0.344415       0.0257199         1.30137
       -0.983858         1.71012         1.01298
        -1.36236        0.683163        0.295432
        -1.11167        0.854197         1.32992
        0.643743        0.320266      -0.0628773
        0.307906       0.0586939       -0.730352
         1.28119        0.136721       0.0582221
         1.19739         1.15767       -0.834552
       -0.175552         1.26722        -0.59043
       0.0975061       -0.633617       -0.203272
        0.590663        -3.93601       -0.339005
        -1.63367        0.135712         1.03849
        -0.85725        0.128615       -0.707151
         1.03724        0.423402        0.929025
        -1.38254        0.924098       -0.941976
       -0.436443          -1.028        0.765365
           1.076       -0.225784         0.37027
        0.896499          1.8473       -0.635257
         -0.9764       -0.113225        -0.70714
         1.08718       0.0721522        0.837878
        -1.06466         0.69958       -0.470588
       -0.383688        -2.99178        -0.48403
         2.18428         1.34273       -0.890106
         1.38859       0.0385963        -1.11173
        -2.76036         1.11761        0.989896
       0.0409619       -0.275339        0.394347
       -0.192001        -1.78274       -0.696415
        0.356209        -1.55914       -0.941506
       -0.896315         2.79867         1.01499
          1.0634       -0.807491        0.762898
          1.1621         0.40998        -1.76302
        0.503756       -0.499754         0.97018
        0.988889        0.485083        -1.99633
        -1.11178        0.660733        -1.98914
      -0.0931489         1.47242        0.758974
       -0.564561        -0.70226         1.47984
         1.11205         0.54468       -0.319069
        0.422663        -0.64412       -0.423328
         1.16064        -1.51504         0.23405
       -0.400533       -0.469225         4.21456
        -1.60621         1.66101       -0.759046
         2.36945       -0.881875       -0.423924
        -2.40813        0.400512        -1.33687
         1.32105         1.02797        -2.71551
       -0.340881       -0.228257        -3.32489
        -0.48651        -1.28519        0.846749
        -0.78694        0.621951       -0.458514
       -0.272268       -0.819287        0.838256
        0.356568        -1.08396         2.62643
       -0.463298        0.742575      -0.0983504
       -0.740913       -0.618373         1.39845
       0.0919896         2.01761       -0.949645
       0.0581984       0.0212673         1.17482
        -1.68827         1.06644       -0.353395
       -0.608182       -0.356156        -1.81111
       -0.740704        -1.09489       -0.197304
       -0.809368       0.0826472         1.81982
       -0.320864       -0.779857         2.04617
       -0.947224        0.704439        -1.52014
        0.762497        0.498553        -1.32943
       -0.260576        -2.58956       -0.545919
          1.0826        -1.05698         2.28619
        0.879713       -0.907714       -0.206763
       -0.669447         1.16378          -1.848
         1.44707       -0.127408       -0.325194
         0.14958         1.65377         1.68704
       -0.341586        -0.33052       -0.982379
         1.51608        0.129423       -0.885182
        -1.64619        -1.44712       0.0123567
        0.236285       -0.341843       -0.194879
        -2.13184        0.474449        -2.25498
         1.57483         2.74856        0.409571
          1.8883        0.239279        0.937013
       -0.607698      -0.0246665        0.795567
        -0.79751        -0.73463        -1.23952
         1.15079       -0.533393       -0.662574
        0.657873       -0.042549        0.810256
       -0.344589       -0.577144       -0.548236
         2.29638       -0.499921        0.798373
        -1.14972       -0.433836        0.279507
